 1, 1,  ,0000000001,          ,00,00,02,08,15,  ,  ,  ,  ,  ,          ,          ,        ,               ,               
 1, 1,  ,0000000001,          ,07,30,02,08,15,  ,  ,  ,  ,  ,          ,          ,        ,               ,               
 1, 1,  ,0000000001,          ,00,00,02,09,15,  ,  ,  ,  ,  ,          ,          ,        ,               ,               
 1, 1,  ,0000000001,          ,07,30,02,09,15,  ,  ,  ,  ,  ,          ,          ,        ,               , 
 1, 1,  ,0000000001,          ,00,00,02,10,15,  ,  ,  ,  ,  ,          ,          ,        ,               ,               
 1, 1,  ,0000000001,          ,16,30,02,10,15,  ,  ,  ,  ,  ,          ,          ,        ,               , 
 1, 1,  ,0000000001,          ,07,30,02,11,15,  ,  ,  ,  ,  ,          ,          ,        ,               ,               
 1, 1,  ,0000000001,          ,16,30,02,11,15,  ,  ,  ,  ,  ,          ,          ,        ,               ,               
 1, 1,  ,0000000001,          ,16,30,02,12,15,  ,  ,  ,  ,  ,          ,          ,        ,               ,               
 1, 1,  ,0000000001,          ,00,00,02,12,15,  ,  ,  ,  ,  ,          ,          ,        ,               ,  
 1, 1,  ,0000000001,          ,16,30,02,13,15,  ,  ,  ,  ,  ,          ,          ,        ,               ,
 1, 1,  ,0000000001,          ,00,00,02,13,15,  ,  ,  ,  ,  ,          ,          ,        ,               ,     
 1, 1,  ,0000000001,          ,02,00,02,14,15,  ,  ,  ,  ,  ,          ,          ,        ,               ,  
 1, 1,  ,0000000001,          ,02,45,02,14,15,  ,  ,  ,  ,  ,          ,          ,        ,               ,            
 1, 1,  ,0000000001,          ,00,00,02,16,15,  ,  ,  ,  ,  ,          ,          ,        ,               , 
 1, 1,  ,0000000001,          ,07,30,02,16,15,  ,  ,  ,  ,  ,          ,          ,        ,               ,
 1, 1,  ,0000000001,          ,00,00,02,17,15,  ,  ,  ,  ,  ,          ,          ,        ,               ,               
 1, 1,  ,0000000001,          ,07,30,02,17,15,  ,  ,  ,  ,  ,          ,          ,        ,               ,               
 1, 1,  ,0000000001,          ,07,30,02,19,15,  ,  ,  ,  ,  ,          ,          ,        ,               ,               
 1, 1,  ,0000000001,          ,16,30,02,19,15,  ,  ,  ,  ,  ,          ,          ,        ,               , 
 1, 1,  ,0000000001,          ,07,30,02,20,15,  ,  ,  ,  ,  ,          ,          ,        ,               ,               
 1, 1,  ,0000000001,          ,16,30,02,20,15,  ,  ,  ,  ,  ,          ,          ,        ,               , 
 1, 1,  ,0000000001,          ,16,30,02,21,15,  ,  ,  ,  ,  ,          ,          ,        ,               ,               
 1, 1,  ,0000000001,          ,00,00,02,21,15,  ,  ,  ,  ,  ,          ,          ,        ,               ,               
 1, 1,  ,0000000001,          ,16,30,02,22,15,  ,  ,  ,  ,  ,          ,          ,        ,               , 
 1, 1,  ,0000000001,          ,00,00,02,22,15,  ,  ,  ,  ,  ,          ,          ,        ,               ,  
 1, 1,  ,99999999,          ,12,59,12,31,99,  ,  ,  ,  ,  ,          ,          ,        ,               ,