 2, 1,  ,0000000041,          ,10,38,07,08,15,  ,  ,  ,  ,  ,          ,          ,        ,               ,               
 2, 1,  ,0000000027,          ,16,21,07,08,15,  ,  ,  ,  ,  ,          ,          ,        ,               ,               
 2, 1,  ,0000000033,          ,16,26,07,08,15,  ,  ,  ,  ,  ,          ,          ,        ,               ,               
 2, 1,  ,0000000037,          ,16,27,07,08,15,  ,  ,  ,  ,  ,          ,          ,        ,               ,               
 2, 1,  ,0000000028,          ,16,33,07,08,15,  ,  ,  ,  ,  ,          ,          ,        ,               ,               
 2, 1,  ,0000000028,          ,16,34,07,08,15,  ,  ,  ,  ,  ,          ,          ,        ,               ,               
 2, 1,  ,0000000041,          ,19,22,07,08,15,  ,  ,  ,  ,  ,          ,          ,        ,               ,               
 2, 1,  ,0000000024,          ,19,23,07,08,15,  ,  ,  ,  ,  ,          ,          ,        ,               ,               
 2, 1,  ,0000000031,          ,19,24,07,08,15,  ,  ,  ,  ,  ,          ,          ,        ,               ,               
 2, 1,  ,0000000021,          ,23,48,07,08,15,  ,  ,  ,  ,  ,          ,          ,        ,               ,               
 2, 1,  ,0000000027,          ,00,02,07,09,15,  ,  ,  ,  ,  ,          ,          ,        ,               ,               
 2, 1,  ,0000000028,          ,00,02,07,09,15,  ,  ,  ,  ,  ,          ,          ,        ,               ,               
 2, 1,  ,0000000033,          ,07,16,07,09,15,  ,  ,  ,  ,  ,          ,          ,        ,               ,               
 2, 1,  ,0000000023,          ,07,18,07,09,15,  ,  ,  ,  ,  ,          ,          ,        ,               ,               
 2, 1,  ,0000000021,          ,07,30,07,09,15,  ,  ,  ,  ,  ,          ,          ,        ,               ,               
 2, 1,  ,0000000028,          ,16,35,07,09,15,  ,  ,  ,  ,  ,          ,          ,        ,               ,               
 2, 1,  ,0000000027,          ,16,35,07,09,15,  ,  ,  ,  ,  ,          ,          ,        ,               ,               
 2, 1,  ,0000000037,          ,16,38,07,09,15,  ,  ,  ,  ,  ,          ,          ,        ,               ,               
 2, 1,  ,0000000033,          ,16,47,07,09,15,  ,  ,  ,  ,  ,          ,          ,        ,               ,               
 2, 1,  ,0000000023,          ,16,48,07,09,15,  ,  ,  ,  ,  ,          ,          ,        ,               ,               
 2, 1,  ,0000000031,          ,17,01,07,09,15,  ,  ,  ,  ,  ,          ,          ,        ,               ,               
 2, 1,  ,0000000024,          ,17,01,07,09,15,  ,  ,  ,  ,  ,          ,          ,        ,               ,               
 2, 1,  ,0000000018,          ,17,14,07,09,15,  ,  ,  ,  ,  ,          ,          ,        ,               ,               
 2, 1,  ,0000000025,          ,23,43,07,09,15,  ,  ,  ,  ,  ,          ,          ,        ,               ,               
 2, 1,  ,0000000028,          ,00,13,07,10,15,  ,  ,  ,  ,  ,          ,          ,        ,               ,               
 2, 1,  ,0000000027,          ,00,15,07,10,15,  ,  ,  ,  ,  ,          ,          ,        ,               ,               
 2, 1,  ,0000000021,          ,07,21,07,10,15,  ,  ,  ,  ,  ,          ,          ,        ,               ,               
 2, 1,  ,0000000034,          ,07,32,07,10,15,  ,  ,  ,  ,  ,          ,          ,        ,               ,               
 2, 1,  ,0000000025,          ,07,32,07,10,15,  ,  ,  ,  ,  ,          ,          ,        ,               ,               
 2, 1,  ,0000000022,          ,07,39,07,10,15,  ,  ,  ,  ,  ,          ,          ,        ,               ,               
 2, 1,  ,0000000037,          ,16,28,07,10,15,  ,  ,  ,  ,  ,          ,          ,        ,               ,               
 2, 1,  ,0000000023,          ,16,31,07,10,15,  ,  ,  ,  ,  ,          ,          ,        ,               ,               
 2, 1,  ,0000000021,          ,16,35,07,10,15,  ,  ,  ,  ,  ,          ,          ,        ,               ,               
 2, 1,  ,0000000025,          ,23,42,07,10,15,  ,  ,  ,  ,  ,          ,          ,        ,               ,               
 2, 1,  ,0000000023,          ,00,14,07,11,15,  ,  ,  ,  ,  ,          ,          ,        ,               ,               
 2, 1,  ,0000000021,          ,07,37,07,11,15,  ,  ,  ,  ,  ,          ,          ,        ,               ,               
 2, 1,  ,0000000025,          ,07,43,07,11,15,  ,  ,  ,  ,  ,          ,          ,        ,               ,               
 2, 1,  ,0000000023,          ,16,31,07,11,15,  ,  ,  ,  ,  ,          ,          ,        ,               ,               
 2, 1,  ,0000000021,          ,16,38,07,11,15,  ,  ,  ,  ,  ,          ,          ,        ,               ,               
 2, 1,  ,0000000028,          ,00,03,07,12,15,  ,  ,  ,  ,  ,          ,          ,        ,               ,               
 2, 1,  ,0000000027,          ,00,03,07,12,15,  ,  ,  ,  ,  ,          ,          ,        ,               ,               
 2, 1,  ,0000000023,          ,00,17,07,12,15,  ,  ,  ,  ,  ,          ,          ,        ,               ,               
 2, 1,  ,0000000025,          ,07,13,07,12,15,  ,  ,  ,  ,  ,          ,          ,        ,               ,               
 2, 1,  ,0000000027,          ,07,30,07,12,15,  ,  ,  ,  ,  ,          ,          ,        ,               ,               
 2, 1,  ,0000000028,          ,07,30,07,12,15,  ,  ,  ,  ,  ,          ,          ,        ,               ,               
 2, 1,  ,0000000021,          ,16,36,07,12,15,  ,  ,  ,  ,  ,          ,          ,        ,               ,               
 2, 1,  ,0000000019,          ,18,44,07,12,15,  ,  ,  ,  ,  ,          ,          ,        ,               ,               
 2, 1,  ,0000000018,          ,18,56,07,12,15,  ,  ,  ,  ,  ,          ,          ,        ,               ,               
 2, 1,  ,0000000018,          ,20,15,07,12,15,  ,  ,  ,  ,  ,          ,          ,        ,               ,               
 2, 1,  ,0000000019,          ,20,38,07,12,15,  ,  ,  ,  ,  ,          ,          ,        ,               ,               
 2, 1,  ,0000000025,          ,20,38,07,12,15,  ,  ,  ,  ,  ,          ,          ,        ,               ,               
 2, 1,  ,0000000027,          ,23,47,07,12,15,  ,  ,  ,  ,  ,          ,          ,        ,               ,               
 2, 1,  ,0000000028,          ,23,48,07,12,15,  ,  ,  ,  ,  ,          ,          ,        ,               ,               
 2, 1,  ,0000000021,          ,00,01,07,13,15,  ,  ,  ,  ,  ,          ,          ,        ,               ,               
 2, 1,  ,0000000025,          ,07,20,07,13,15,  ,  ,  ,  ,  ,          ,          ,        ,               ,               
 2, 1,  ,0000000033,          ,07,20,07,13,15,  ,  ,  ,  ,  ,          ,          ,        ,               ,               
 2, 1,  ,0000000028,          ,07,30,07,13,15,  ,  ,  ,  ,  ,          ,          ,        ,               ,               
 2, 1,  ,0000000027,          ,07,30,07,13,15,  ,  ,  ,  ,  ,          ,          ,        ,               ,               
 2, 1,  ,0000000021,          ,16,23,07,13,15,  ,  ,  ,  ,  ,          ,          ,        ,               ,               
 2, 1,  ,0000000025,          ,16,33,07,13,15,  ,  ,  ,  ,  ,          ,          ,        ,               ,               
 2, 1,  ,0000000033,          ,16,34,07,13,15,  ,  ,  ,  ,  ,          ,          ,        ,               ,               
 2, 1,  ,0000000026,          ,17,02,07,13,15,  ,  ,  ,  ,  ,          ,          ,        ,               ,               
 2, 1,  ,0000000021,          ,00,02,07,14,15,  ,  ,  ,  ,  ,          ,          ,        ,               ,               
 2, 1,  ,0000000023,          ,00,05,07,14,15,  ,  ,  ,  ,  ,          ,          ,        ,               ,               
 2, 1,  ,0000000028,          ,07,19,07,14,15,  ,  ,  ,  ,  ,          ,          ,        ,               ,               
 2, 1,  ,0000000033,          ,07,19,07,14,15,  ,  ,  ,  ,  ,          ,          ,        ,               ,               
 2, 1,  ,0000000027,          ,07,19,07,14,15,  ,  ,  ,  ,  ,          ,          ,        ,               ,               
 2, 1,  ,0000000023,          ,07,39,07,14,15,  ,  ,  ,  ,  ,          ,          ,        ,               ,               
 2, 1,  ,0000000033,          ,16,33,07,14,15,  ,  ,  ,  ,  ,          ,          ,        ,               ,               
 2, 1,  ,0000000025,          ,16,33,07,14,15,  ,  ,  ,  ,  ,          ,          ,        ,               ,               
 2, 1,  ,0000000028,          ,16,40,07,14,15,  ,  ,  ,  ,  ,          ,          ,        ,               ,               
 2, 1,  ,0000000027,          ,16,41,07,14,15,  ,  ,  ,  ,  ,          ,          ,        ,               ,               
 2, 1,  ,0000000023,          ,23,55,07,14,15,  ,  ,  ,  ,  ,          ,          ,        ,               ,               
 2, 1,  ,0000000025,          ,00,01,07,15,15,  ,  ,  ,  ,  ,          ,          ,        ,               ,               
 2, 1,  ,0000000028,          ,07,15,07,15,15,  ,  ,  ,  ,  ,          ,          ,        ,               ,               
 2, 1,  ,0000000027,          ,07,15,07,15,15,  ,  ,  ,  ,  ,          ,          ,        ,               ,               
 2, 1,  ,0000000033,          ,07,16,07,15,15,  ,  ,  ,  ,  ,          ,          ,        ,               ,               
 2, 1,  ,0000000023,          ,07,31,07,15,15,  ,  ,  ,  ,  ,          ,          ,        ,               ,               
 2, 1,  ,0000000025,          ,16,28,07,15,15,  ,  ,  ,  ,  ,          ,          ,        ,               ,               
 2, 1,  ,0000000028,          ,16,43,07,15,15,  ,  ,  ,  ,  ,          ,          ,        ,               ,               
 2, 1,  ,0000000027,          ,16,43,07,15,15,  ,  ,  ,  ,  ,          ,          ,        ,               ,               
 2, 1,  ,0000000021,          ,23,49,07,15,15,  ,  ,  ,  ,  ,          ,          ,        ,               ,               
 2, 1,  ,0000000025,          ,00,02,07,16,15,  ,  ,  ,  ,  ,          ,          ,        ,               ,               
 2, 1,  ,0000000023,          ,07,22,07,16,15,  ,  ,  ,  ,  ,          ,          ,        ,               ,               
 2, 1,  ,0000000033,          ,07,23,07,16,15,  ,  ,  ,  ,  ,          ,          ,        ,               ,               
 2, 1,  ,0000000021,          ,07,33,07,16,15,  ,  ,  ,  ,  ,          ,          ,        ,               ,               
 2, 1,  ,0000000028,          ,16,24,07,16,15,  ,  ,  ,  ,  ,          ,          ,        ,               ,               
 2, 1,  ,0000000027,          ,16,24,07,16,15,  ,  ,  ,  ,  ,          ,          ,        ,               ,               
 2, 1,  ,0000000033,          ,16,29,07,16,15,  ,  ,  ,  ,  ,          ,          ,        ,               ,               
 2, 1,  ,0000000023,          ,16,41,07,16,15,  ,  ,  ,  ,  ,          ,          ,        ,               ,               
 2, 1,  ,0000000021,          ,23,50,07,16,15,  ,  ,  ,  ,  ,          ,          ,        ,               ,               
 2, 1,  ,0000000028,          ,00,06,07,17,15,  ,  ,  ,  ,  ,          ,          ,        ,               ,               
 2, 1,  ,0000000027,          ,00,07,07,17,15,  ,  ,  ,  ,  ,          ,          ,        ,               ,               
 2, 1,  ,0000000033,          ,07,28,07,17,15,  ,  ,  ,  ,  ,          ,          ,        ,               ,               
 2, 1,  ,0000000023,          ,07,28,07,17,15,  ,  ,  ,  ,  ,          ,          ,        ,               ,               
 2, 1,  ,0000000021,          ,07,42,07,17,15,  ,  ,  ,  ,  ,          ,          ,        ,               ,               
 2, 1,  ,0000000028,          ,16,30,07,17,15,  ,  ,  ,  ,  ,          ,          ,        ,               ,               
 2, 1,  ,0000000027,          ,16,31,07,17,15,  ,  ,  ,  ,  ,          ,          ,        ,               ,               
 2, 1,  ,0000000023,          ,16,51,07,17,15,  ,  ,  ,  ,  ,          ,          ,        ,               ,               
 2, 1,  ,0000000033,          ,16,51,07,17,15,  ,  ,  ,  ,  ,          ,          ,        ,               ,               
 2, 1,  ,0000000025,          ,00,01,07,18,15,  ,  ,  ,  ,  ,          ,          ,        ,               ,               
 2, 1,  ,0000000027,          ,00,11,07,18,15,  ,  ,  ,  ,  ,          ,          ,        ,               ,               
 2, 1,  ,0000000028,          ,00,12,07,18,15,  ,  ,  ,  ,  ,          ,          ,        ,               ,               
 2, 1,  ,0000000021,          ,07,13,07,18,15,  ,  ,  ,  ,  ,          ,          ,        ,               ,               
 2, 1,  ,0000000025,          ,07,32,07,18,15,  ,  ,  ,  ,  ,          ,          ,        ,               ,               
 2, 1,  ,0000000023,          ,16,21,07,18,15,  ,  ,  ,  ,  ,          ,          ,        ,               ,               
 2, 1,  ,0000000021,          ,16,32,07,18,15,  ,  ,  ,  ,  ,          ,          ,        ,               ,               
 2, 1,  ,0000000025,          ,23,44,07,18,15,  ,  ,  ,  ,  ,          ,          ,        ,               ,               
 2, 1,  ,0000000023,          ,00,07,07,19,15,  ,  ,  ,  ,  ,          ,          ,        ,               ,               
 2, 1,  ,0000000021,          ,07,26,07,19,15,  ,  ,  ,  ,  ,          ,          ,        ,               ,               
 2, 1,  ,0000000025,          ,07,32,07,19,15,  ,  ,  ,  ,  ,          ,          ,        ,               ,               
 2, 1,  ,0000000021,          ,17,03,07,19,15,  ,  ,  ,  ,  ,          ,          ,        ,               ,               
 2, 1,  ,0000000027,          ,23,47,07,19,15,  ,  ,  ,  ,  ,          ,          ,        ,               ,               
 2, 1,  ,0000000023,          ,00,19,07,20,15,  ,  ,  ,  ,  ,          ,          ,        ,               ,               
 2, 1,  ,0000000025,          ,07,18,07,20,15,  ,  ,  ,  ,  ,          ,          ,        ,               ,               
 2, 1,  ,0000000033,          ,07,21,07,20,15,  ,  ,  ,  ,  ,          ,          ,        ,               ,               
 2, 1,  ,0000000027,          ,07,36,07,20,15,  ,  ,  ,  ,  ,          ,          ,        ,               ,               
 2, 1,  ,0000000021,          ,16,24,07,20,15,  ,  ,  ,  ,  ,          ,          ,        ,               ,               
 2, 1,  ,0000000025,          ,16,35,07,20,15,  ,  ,  ,  ,  ,          ,          ,        ,               ,               
 2, 1,  ,0000000033,          ,16,36,07,20,15,  ,  ,  ,  ,  ,          ,          ,        ,               ,               
 2, 1,  ,0000000027,          ,23,47,07,20,15,  ,  ,  ,  ,  ,          ,          ,        ,               ,               
 2, 1,  ,0000000021,          ,00,08,07,21,15,  ,  ,  ,  ,  ,          ,          ,        ,               ,               
 2, 1,  ,0000000025,          ,07,21,07,21,15,  ,  ,  ,  ,  ,          ,          ,        ,               ,               
 2, 1,  ,0000000033,          ,07,21,07,21,15,  ,  ,  ,  ,  ,          ,          ,        ,               ,               
 2, 1,  ,0000000027,          ,07,31,07,21,15,  ,  ,  ,  ,  ,          ,          ,        ,               ,               
 2, 1,  ,0000000021,          ,16,15,07,21,15,  ,  ,  ,  ,  ,          ,          ,        ,               ,               
 2, 1,  ,0000000033,          ,16,30,07,21,15,  ,  ,  ,  ,  ,          ,          ,        ,               ,               
 2, 1,  ,0000000025,          ,16,35,07,21,15,  ,  ,  ,  ,  ,          ,          ,        ,               ,               
 2, 1,  ,0000000023,          ,00,05,07,22,15,  ,  ,  ,  ,  ,          ,          ,        ,               ,               
 2, 1,  ,0000000021,          ,00,17,07,22,15,  ,  ,  ,  ,  ,          ,          ,        ,               ,               
 2, 1,  ,0000000027,          ,07,17,07,22,15,  ,  ,  ,  ,  ,          ,          ,        ,               ,               
 2, 1,  ,0000000033,          ,07,17,07,22,15,  ,  ,  ,  ,  ,          ,          ,        ,               ,               
 2, 1,  ,0000000023,          ,07,38,07,22,15,  ,  ,  ,  ,  ,          ,          ,        ,               ,               
 2, 1,  ,0000000025,          ,16,36,07,22,15,  ,  ,  ,  ,  ,          ,          ,        ,               ,               
 1, 1,  ,0000000017,          ,12,16,07,07,15,  ,  ,  ,  ,  ,          ,          ,        ,               ,               
 1, 1,  ,0000000015,          ,12,16,07,07,15,  ,  ,  ,  ,  ,          ,          ,        ,               ,               
 1, 1,  ,0000000032,          ,12,18,07,07,15,  ,  ,  ,  ,  ,          ,          ,        ,               ,               
 1, 1,  ,0000000026,          ,12,38,07,07,15,  ,  ,  ,  ,  ,          ,          ,        ,               ,               
 1, 1,  ,0000000020,          ,12,38,07,07,15,  ,  ,  ,  ,  ,          ,          ,        ,               ,               
 1, 1,  ,0000000015,          ,13,00,07,07,15,  ,  ,  ,  ,  ,          ,          ,        ,               ,               
 1, 1,  ,0000000032,          ,13,01,07,07,15,  ,  ,  ,  ,  ,          ,          ,        ,               ,               
 1, 1,  ,0000000026,          ,13,06,07,07,15,  ,  ,  ,  ,  ,          ,          ,        ,               ,               
 1, 1,  ,0000000036,          ,16,51,07,07,15,  ,  ,  ,  ,  ,          ,          ,        ,               ,               
 1, 1,  ,0000000020,          ,16,57,07,07,15,  ,  ,  ,  ,  ,          ,          ,        ,               ,               
 1, 1,  ,0000000026,          ,16,57,07,07,15,  ,  ,  ,  ,  ,          ,          ,        ,               ,               
 1, 1,  ,0000000024,          ,17,01,07,07,15,  ,  ,  ,  ,  ,          ,          ,        ,               ,               
 1, 1,  ,0000000031,          ,17,01,07,07,15,  ,  ,  ,  ,  ,          ,          ,        ,               ,               
 1, 1,  ,0000000032,          ,17,01,07,07,15,  ,  ,  ,  ,  ,          ,          ,        ,               ,               
 1, 1,  ,0000000034,          ,17,05,07,07,15,  ,  ,  ,  ,  ,          ,          ,        ,               ,               
 1, 1,  ,0000000035,          ,17,10,07,07,15,  ,  ,  ,  ,  ,          ,          ,        ,               ,               
 1, 1,  ,0000000018,          ,17,10,07,07,15,  ,  ,  ,  ,  ,          ,          ,        ,               ,               
 1, 1,  ,0000000022,          ,17,12,07,07,15,  ,  ,  ,  ,  ,          ,          ,        ,               ,               
 1, 1,  ,0000000020,          ,07,59,07,08,15,  ,  ,  ,  ,  ,          ,          ,        ,               ,               
 1, 1,  ,0000000031,          ,07,59,07,08,15,  ,  ,  ,  ,  ,          ,          ,        ,               ,               
 1, 1,  ,0000000024,          ,07,59,07,08,15,  ,  ,  ,  ,  ,          ,          ,        ,               ,               
 1, 1,  ,0000000034,          ,08,00,07,08,15,  ,  ,  ,  ,  ,          ,          ,        ,               ,               
 1, 1,  ,0000000035,          ,08,00,07,08,15,  ,  ,  ,  ,  ,          ,          ,        ,               ,               
 1, 1,  ,0000000037,          ,08,00,07,08,15,  ,  ,  ,  ,  ,          ,          ,        ,               ,               
 1, 1,  ,0000000018,          ,08,00,07,08,15,  ,  ,  ,  ,  ,          ,          ,        ,               ,               
 1, 1,  ,0000000032,          ,08,00,07,08,15,  ,  ,  ,  ,  ,          ,          ,        ,               ,               
 1, 1,  ,0000000030,          ,08,07,07,08,15,  ,  ,  ,  ,  ,          ,          ,        ,               ,               
 1, 1,  ,0000000036,          ,08,16,07,08,15,  ,  ,  ,  ,  ,          ,          ,        ,               ,               
 1, 1,  ,0000000015,          ,08,46,07,08,15,  ,  ,  ,  ,  ,          ,          ,        ,               ,               
 1, 1,  ,0000000026,          ,08,46,07,08,15,  ,  ,  ,  ,  ,          ,          ,        ,               ,               
 1, 1,  ,0000000015,          ,08,46,07,08,15,  ,  ,  ,  ,  ,          ,          ,        ,               ,               
 1, 1,  ,0000000032,          ,12,22,07,08,15,  ,  ,  ,  ,  ,          ,          ,        ,               ,               
 1, 1,  ,0000000015,          ,12,51,07,08,15,  ,  ,  ,  ,  ,          ,          ,        ,               ,               
 1, 1,  ,0000000017,          ,12,51,07,08,15,  ,  ,  ,  ,  ,          ,          ,        ,               ,               
 1, 1,  ,0000000026,          ,13,06,07,08,15,  ,  ,  ,  ,  ,          ,          ,        ,               ,               
 1, 1,  ,0000000040,          ,13,07,07,08,15,  ,  ,  ,  ,  ,          ,          ,        ,               ,               
 1, 1,  ,0000000032,          ,13,20,07,08,15,  ,  ,  ,  ,  ,          ,          ,        ,               ,               
 1, 1,  ,0000000017,          ,13,27,07,08,15,  ,  ,  ,  ,  ,          ,          ,        ,               ,               
 1, 1,  ,0000000015,          ,13,35,07,08,15,  ,  ,  ,  ,  ,          ,          ,        ,               ,               
 1, 1,  ,0000000032,          ,17,03,07,08,15,  ,  ,  ,  ,  ,          ,          ,        ,               ,               
 1, 1,  ,0000000035,          ,17,14,07,08,15,  ,  ,  ,  ,  ,          ,          ,        ,               ,               
 1, 1,  ,0000000014,          ,17,14,07,08,15,  ,  ,  ,  ,  ,          ,          ,        ,               ,               
 1, 1,  ,0000000034,          ,17,14,07,08,15,  ,  ,  ,  ,  ,          ,          ,        ,               ,               
 1, 1,  ,0000000031,          ,07,53,07,09,15,  ,  ,  ,  ,  ,          ,          ,        ,               ,               
 1, 1,  ,0000000022,          ,07,53,07,09,15,  ,  ,  ,  ,  ,          ,          ,        ,               ,               
 1, 1,  ,0000000040,          ,07,53,07,09,15,  ,  ,  ,  ,  ,          ,          ,        ,               ,               
 1, 1,  ,0000000035,          ,07,53,07,09,15,  ,  ,  ,  ,  ,          ,          ,        ,               ,               
 1, 1,  ,0000000037,          ,07,54,07,09,15,  ,  ,  ,  ,  ,          ,          ,        ,               ,               
 1, 1,  ,0000000024,          ,07,54,07,09,15,  ,  ,  ,  ,  ,          ,          ,        ,               ,               
 1, 1,  ,0000000034,          ,07,54,07,09,15,  ,  ,  ,  ,  ,          ,          ,        ,               ,               
 1, 1,  ,0000000034,          ,07,54,07,09,15,  ,  ,  ,  ,  ,          ,          ,        ,               ,               
 1, 1,  ,0000000018,          ,07,56,07,09,15,  ,  ,  ,  ,  ,          ,          ,        ,               ,               
 1, 1,  ,0000000019,          ,07,57,07,09,15,  ,  ,  ,  ,  ,          ,          ,        ,               ,               
 1, 1,  ,0000000041,          ,08,01,07,09,15,  ,  ,  ,  ,  ,          ,          ,        ,               ,               
 1, 1,  ,0000000017,          ,08,09,07,09,15,  ,  ,  ,  ,  ,          ,          ,        ,               ,               
 1, 1,  ,0000000015,          ,08,10,07,09,15,  ,  ,  ,  ,  ,          ,          ,        ,               ,               
 1, 1,  ,0000000032,          ,08,15,07,09,15,  ,  ,  ,  ,  ,          ,          ,        ,               ,               
 1, 1,  ,0000000020,          ,08,16,07,09,15,  ,  ,  ,  ,  ,          ,          ,        ,               ,               
 1, 1,  ,0000000030,          ,08,16,07,09,15,  ,  ,  ,  ,  ,          ,          ,        ,               ,               
 1, 1,  ,0000000026,          ,08,38,07,09,15,  ,  ,  ,  ,  ,          ,          ,        ,               ,               
 1, 1,  ,0000000036,          ,09,40,07,09,15,  ,  ,  ,  ,  ,          ,          ,        ,               ,               
 1, 1,  ,0000000017,          ,12,42,07,09,15,  ,  ,  ,  ,  ,          ,          ,        ,               ,               
 1, 1,  ,0000000015,          ,12,42,07,09,15,  ,  ,  ,  ,  ,          ,          ,        ,               ,               
 1, 1,  ,0000000032,          ,12,42,07,09,15,  ,  ,  ,  ,  ,          ,          ,        ,               ,               
 1, 1,  ,0000000032,          ,13,22,07,09,15,  ,  ,  ,  ,  ,          ,          ,        ,               ,               
 1, 1,  ,0000000017,          ,13,25,07,09,15,  ,  ,  ,  ,  ,          ,          ,        ,               ,               
 1, 1,  ,0000000015,          ,13,49,07,09,15,  ,  ,  ,  ,  ,          ,          ,        ,               ,               
 1, 1,  ,0000000020,          ,16,49,07,09,15,  ,  ,  ,  ,  ,          ,          ,        ,               ,               
 1, 1,  ,0000000026,          ,16,49,07,09,15,  ,  ,  ,  ,  ,          ,          ,        ,               ,               
 1, 1,  ,0000000040,          ,16,52,07,09,15,  ,  ,  ,  ,  ,          ,          ,        ,               ,               
 1, 1,  ,0000000034,          ,17,01,07,09,15,  ,  ,  ,  ,  ,          ,          ,        ,               ,               
 1, 1,  ,0000000041,          ,17,01,07,09,15,  ,  ,  ,  ,  ,          ,          ,        ,               ,               
 1, 1,  ,0000000036,          ,17,01,07,09,15,  ,  ,  ,  ,  ,          ,          ,        ,               ,               
 1, 1,  ,0000000035,          ,17,01,07,09,15,  ,  ,  ,  ,  ,          ,          ,        ,               ,               
 1, 1,  ,0000000030,          ,17,01,07,09,15,  ,  ,  ,  ,  ,          ,          ,        ,               ,               
 1, 1,  ,0000000032,          ,17,02,07,09,15,  ,  ,  ,  ,  ,          ,          ,        ,               ,               
 1, 1,  ,0000000019,          ,17,51,07,09,15,  ,  ,  ,  ,  ,          ,          ,        ,               ,               
 1, 1,  ,0000000015,          ,17,54,07,09,15,  ,  ,  ,  ,  ,          ,          ,        ,               ,               
 1, 1,  ,0000000022,          ,17,55,07,09,15,  ,  ,  ,  ,  ,          ,          ,        ,               ,               
 1, 1,  ,0000000024,          ,07,52,07,10,15,  ,  ,  ,  ,  ,          ,          ,        ,               ,               
 1, 1,  ,0000000040,          ,07,52,07,10,15,  ,  ,  ,  ,  ,          ,          ,        ,               ,               
 1, 1,  ,0000000030,          ,07,53,07,10,15,  ,  ,  ,  ,  ,          ,          ,        ,               ,               
 1, 1,  ,0000000041,          ,07,53,07,10,15,  ,  ,  ,  ,  ,          ,          ,        ,               ,               
 1, 1,  ,0000000037,          ,07,54,07,10,15,  ,  ,  ,  ,  ,          ,          ,        ,               ,               
 1, 1,  ,0000000035,          ,07,55,07,10,15,  ,  ,  ,  ,  ,          ,          ,        ,               ,               
 1, 1,  ,0000000031,          ,07,59,07,10,15,  ,  ,  ,  ,  ,          ,          ,        ,               ,               
 1, 1,  ,0000000019,          ,07,59,07,10,15,  ,  ,  ,  ,  ,          ,          ,        ,               ,               
 1, 1,  ,0000000032,          ,07,59,07,10,15,  ,  ,  ,  ,  ,          ,          ,        ,               ,               
 1, 1,  ,0000000032,          ,07,59,07,10,15,  ,  ,  ,  ,  ,          ,          ,        ,               ,               
 1, 1,  ,0000000018,          ,08,12,07,10,15,  ,  ,  ,  ,  ,          ,          ,        ,               ,               
 1, 1,  ,0000000017,          ,08,13,07,10,15,  ,  ,  ,  ,  ,          ,          ,        ,               ,               
 1, 1,  ,0000000015,          ,08,13,07,10,15,  ,  ,  ,  ,  ,          ,          ,        ,               ,               
 1, 1,  ,0000000036,          ,08,25,07,10,15,  ,  ,  ,  ,  ,          ,          ,        ,               ,               
 1, 1,  ,0000000032,          ,12,09,07,10,15,  ,  ,  ,  ,  ,          ,          ,        ,               ,               
 1, 1,  ,0000000030,          ,12,14,07,10,15,  ,  ,  ,  ,  ,          ,          ,        ,               ,               
 1, 1,  ,0000000015,          ,12,34,07,10,15,  ,  ,  ,  ,  ,          ,          ,        ,               ,               
 1, 1,  ,0000000030,          ,12,46,07,10,15,  ,  ,  ,  ,  ,          ,          ,        ,               ,               
 1, 1,  ,0000000032,          ,12,53,07,10,15,  ,  ,  ,  ,  ,          ,          ,        ,               ,               
 1, 1,  ,0000000030,          ,13,17,07,10,15,  ,  ,  ,  ,  ,          ,          ,        ,               ,               
 1, 1,  ,0000000015,          ,13,36,07,10,15,  ,  ,  ,  ,  ,          ,          ,        ,               ,               
 1, 1,  ,0000000036,          ,16,16,07,10,15,  ,  ,  ,  ,  ,          ,          ,        ,               ,               
 1, 1,  ,0000000022,          ,16,28,07,10,15,  ,  ,  ,  ,  ,          ,          ,        ,               ,               
 1, 1,  ,0000000034,          ,16,28,07,10,15,  ,  ,  ,  ,  ,          ,          ,        ,               ,               
 1, 1,  ,0000000015,          ,16,28,07,10,15,  ,  ,  ,  ,  ,          ,          ,        ,               ,               
 1, 1,  ,0000000031,          ,17,00,07,10,15,  ,  ,  ,  ,  ,          ,          ,        ,               ,               
 1, 1,  ,0000000030,          ,17,00,07,10,15,  ,  ,  ,  ,  ,          ,          ,        ,               ,               
 1, 1,  ,0000000041,          ,17,00,07,10,15,  ,  ,  ,  ,  ,          ,          ,        ,               ,               
 1, 1,  ,0000000024,          ,17,00,07,10,15,  ,  ,  ,  ,  ,          ,          ,        ,               ,               
 1, 1,  ,0000000019,          ,17,00,07,10,15,  ,  ,  ,  ,  ,          ,          ,        ,               ,               
 1, 1,  ,0000000017,          ,17,00,07,10,15,  ,  ,  ,  ,  ,          ,          ,        ,               ,               
 1, 1,  ,0000000032,          ,17,00,07,10,15,  ,  ,  ,  ,  ,          ,          ,        ,               ,               
 1, 1,  ,0000000035,          ,17,01,07,10,15,  ,  ,  ,  ,  ,          ,          ,        ,               ,               
 1, 1,  ,0000000034,          ,07,53,07,13,15,  ,  ,  ,  ,  ,          ,          ,        ,               ,               
 1, 1,  ,0000000037,          ,07,53,07,13,15,  ,  ,  ,  ,  ,          ,          ,        ,               ,               
 1, 1,  ,0000000035,          ,07,54,07,13,15,  ,  ,  ,  ,  ,          ,          ,        ,               ,               
 1, 1,  ,0000000024,          ,07,55,07,13,15,  ,  ,  ,  ,  ,          ,          ,        ,               ,               
 1, 1,  ,0000000041,          ,07,56,07,13,15,  ,  ,  ,  ,  ,          ,          ,        ,               ,               
 1, 1,  ,0000000040,          ,07,56,07,13,15,  ,  ,  ,  ,  ,          ,          ,        ,               ,               
 1, 1,  ,0000000031,          ,07,56,07,13,15,  ,  ,  ,  ,  ,          ,          ,        ,               ,               
 1, 1,  ,0000000020,          ,08,00,07,13,15,  ,  ,  ,  ,  ,          ,          ,        ,               ,               
 1, 1,  ,0000000032,          ,08,09,07,13,15,  ,  ,  ,  ,  ,          ,          ,        ,               ,               
 1, 1,  ,0000000022,          ,08,09,07,13,15,  ,  ,  ,  ,  ,          ,          ,        ,               ,               
 1, 1,  ,0000000018,          ,08,09,07,13,15,  ,  ,  ,  ,  ,          ,          ,        ,               ,               
 1, 1,  ,0000000015,          ,08,09,07,13,15,  ,  ,  ,  ,  ,          ,          ,        ,               ,               
 1, 1,  ,0000000026,          ,08,18,07,13,15,  ,  ,  ,  ,  ,          ,          ,        ,               ,               
 1, 1,  ,0000000036,          ,08,29,07,13,15,  ,  ,  ,  ,  ,          ,          ,        ,               ,               
 1, 1,  ,0000000030,          ,08,29,07,13,15,  ,  ,  ,  ,  ,          ,          ,        ,               ,               
 1, 1,  ,0000000032,          ,12,09,07,13,15,  ,  ,  ,  ,  ,          ,          ,        ,               ,               
 1, 1,  ,0000000032,          ,12,50,07,13,15,  ,  ,  ,  ,  ,          ,          ,        ,               ,               
 1, 1,  ,0000000015,          ,12,59,07,13,15,  ,  ,  ,  ,  ,          ,          ,        ,               ,               
 1, 1,  ,0000000015,          ,13,41,07,13,15,  ,  ,  ,  ,  ,          ,          ,        ,               ,               
 1, 1,  ,0000000041,          ,17,01,07,13,15,  ,  ,  ,  ,  ,          ,          ,        ,               ,               
 1, 1,  ,0000000031,          ,17,02,07,13,15,  ,  ,  ,  ,  ,          ,          ,        ,               ,               
 1, 1,  ,0000000019,          ,17,02,07,13,15,  ,  ,  ,  ,  ,          ,          ,        ,               ,               
 1, 1,  ,0000000024,          ,17,02,07,13,15,  ,  ,  ,  ,  ,          ,          ,        ,               ,               
 1, 1,  ,0000000032,          ,17,02,07,13,15,  ,  ,  ,  ,  ,          ,          ,        ,               ,               
 1, 1,  ,0000000037,          ,17,03,07,13,15,  ,  ,  ,  ,  ,          ,          ,        ,               ,               
 1, 1,  ,0000000034,          ,17,03,07,13,15,  ,  ,  ,  ,  ,          ,          ,        ,               ,               
 1, 1,  ,0000000035,          ,17,03,07,13,15,  ,  ,  ,  ,  ,          ,          ,        ,               ,               
 1, 1,  ,0000000020,          ,17,03,07,13,15,  ,  ,  ,  ,  ,          ,          ,        ,               ,               
 1, 1,  ,0000000030,          ,17,03,07,13,15,  ,  ,  ,  ,  ,          ,          ,        ,               ,               
 1, 1,  ,0000000022,          ,17,12,07,13,15,  ,  ,  ,  ,  ,          ,          ,        ,               ,               
 1, 1,  ,0000000015,          ,17,12,07,13,15,  ,  ,  ,  ,  ,          ,          ,        ,               ,               
 1, 1,  ,0000000040,          ,17,27,07,13,15,  ,  ,  ,  ,  ,          ,          ,        ,               ,               
 1, 1,  ,0000000026,          ,17,35,07,13,15,  ,  ,  ,  ,  ,          ,          ,        ,               ,               
 1, 1,  ,0000000036,          ,17,42,07,13,15,  ,  ,  ,  ,  ,          ,          ,        ,               ,               
 1, 1,  ,0000000018,          ,18,20,07,13,15,  ,  ,  ,  ,  ,          ,          ,        ,               ,               
 1, 1,  ,0000000024,          ,07,54,07,14,15,  ,  ,  ,  ,  ,          ,          ,        ,               ,               
 1, 1,  ,0000000040,          ,07,54,07,14,15,  ,  ,  ,  ,  ,          ,          ,        ,               ,               
 1, 1,  ,0000000041,          ,07,54,07,14,15,  ,  ,  ,  ,  ,          ,          ,        ,               ,               
 1, 1,  ,0000000034,          ,07,55,07,14,15,  ,  ,  ,  ,  ,          ,          ,        ,               ,               
 1, 1,  ,0000000037,          ,07,55,07,14,15,  ,  ,  ,  ,  ,          ,          ,        ,               ,               
 1, 1,  ,0000000035,          ,07,55,07,14,15,  ,  ,  ,  ,  ,          ,          ,        ,               ,               
 1, 1,  ,0000000031,          ,07,56,07,14,15,  ,  ,  ,  ,  ,          ,          ,        ,               ,               
 1, 1,  ,0000000019,          ,07,56,07,14,15,  ,  ,  ,  ,  ,          ,          ,        ,               ,               
 1, 1,  ,0000000015,          ,08,07,07,14,15,  ,  ,  ,  ,  ,          ,          ,        ,               ,               
 1, 1,  ,0000000017,          ,08,07,07,14,15,  ,  ,  ,  ,  ,          ,          ,        ,               ,               
 1, 1,  ,0000000020,          ,08,07,07,14,15,  ,  ,  ,  ,  ,          ,          ,        ,               ,               
 1, 1,  ,0000000018,          ,08,09,07,14,15,  ,  ,  ,  ,  ,          ,          ,        ,               ,               
 1, 1,  ,0000000032,          ,08,09,07,14,15,  ,  ,  ,  ,  ,          ,          ,        ,               ,               
 1, 1,  ,0000000022,          ,08,11,07,14,15,  ,  ,  ,  ,  ,          ,          ,        ,               ,               
 1, 1,  ,0000000026,          ,08,13,07,14,15,  ,  ,  ,  ,  ,          ,          ,        ,               ,               
 1, 1,  ,0000000036,          ,08,29,07,14,15,  ,  ,  ,  ,  ,          ,          ,        ,               ,               
 1, 1,  ,0000000017,          ,12,05,07,14,15,  ,  ,  ,  ,  ,          ,          ,        ,               ,               
 1, 1,  ,0000000032,          ,12,05,07,14,15,  ,  ,  ,  ,  ,          ,          ,        ,               ,               
 1, 1,  ,0000000015,          ,12,13,07,14,15,  ,  ,  ,  ,  ,          ,          ,        ,               ,               
 1, 1,  ,0000000026,          ,12,14,07,14,15,  ,  ,  ,  ,  ,          ,          ,        ,               ,               
 1, 1,  ,0000000032,          ,12,48,07,14,15,  ,  ,  ,  ,  ,          ,          ,        ,               ,               
 1, 1,  ,0000000015,          ,12,58,07,14,15,  ,  ,  ,  ,  ,          ,          ,        ,               ,               
 1, 1,  ,0000000017,          ,13,10,07,14,15,  ,  ,  ,  ,  ,          ,          ,        ,               ,               
 1, 1,  ,0000000037,          ,16,47,07,14,15,  ,  ,  ,  ,  ,          ,          ,        ,               ,               
 1, 1,  ,0000000024,          ,17,00,07,14,15,  ,  ,  ,  ,  ,          ,          ,        ,               ,               
 1, 1,  ,0000000041,          ,17,00,07,14,15,  ,  ,  ,  ,  ,          ,          ,        ,               ,               
 1, 1,  ,0000000031,          ,17,01,07,14,15,  ,  ,  ,  ,  ,          ,          ,        ,               ,               
 1, 1,  ,0000000032,          ,17,01,07,14,15,  ,  ,  ,  ,  ,          ,          ,        ,               ,               
 1, 1,  ,0000000040,          ,17,02,07,14,15,  ,  ,  ,  ,  ,          ,          ,        ,               ,               
 1, 1,  ,0000000020,          ,17,02,07,14,15,  ,  ,  ,  ,  ,          ,          ,        ,               ,               
 1, 1,  ,0000000026,          ,17,02,07,14,15,  ,  ,  ,  ,  ,          ,          ,        ,               ,               
 1, 1,  ,0000000030,          ,17,03,07,14,15,  ,  ,  ,  ,  ,          ,          ,        ,               ,               
 1, 1,  ,0000000017,          ,17,04,07,14,15,  ,  ,  ,  ,  ,          ,          ,        ,               ,               
 1, 1,  ,0000000034,          ,17,05,07,14,15,  ,  ,  ,  ,  ,          ,          ,        ,               ,               
 1, 1,  ,0000000035,          ,17,05,07,14,15,  ,  ,  ,  ,  ,          ,          ,        ,               ,               
 1, 1,  ,0000000022,          ,17,08,07,14,15,  ,  ,  ,  ,  ,          ,          ,        ,               ,               
 1, 1,  ,0000000036,          ,17,37,07,14,15,  ,  ,  ,  ,  ,          ,          ,        ,               ,               
 1, 1,  ,0000000018,          ,18,33,07,14,15,  ,  ,  ,  ,  ,          ,          ,        ,               ,               
 1, 1,  ,0000000035,          ,07,54,07,15,15,  ,  ,  ,  ,  ,          ,          ,        ,               ,               
 1, 1,  ,0000000037,          ,07,54,07,15,15,  ,  ,  ,  ,  ,          ,          ,        ,               ,               
 1, 1,  ,0000000034,          ,07,55,07,15,15,  ,  ,  ,  ,  ,          ,          ,        ,               ,               
 1, 1,  ,0000000024,          ,07,56,07,15,15,  ,  ,  ,  ,  ,          ,          ,        ,               ,               
 1, 1,  ,0000000032,          ,07,56,07,15,15,  ,  ,  ,  ,  ,          ,          ,        ,               ,               
 1, 1,  ,0000000030,          ,07,56,07,15,15,  ,  ,  ,  ,  ,          ,          ,        ,               ,               
 1, 1,  ,0000000041,          ,07,56,07,15,15,  ,  ,  ,  ,  ,          ,          ,        ,               ,               
 1, 1,  ,0000000031,          ,07,57,07,15,15,  ,  ,  ,  ,  ,          ,          ,        ,               ,               
 1, 1,  ,0000000020,          ,07,57,07,15,15,  ,  ,  ,  ,  ,          ,          ,        ,               ,               
 1, 1,  ,0000000040,          ,07,57,07,15,15,  ,  ,  ,  ,  ,          ,          ,        ,               ,               
 1, 1,  ,0000000017,          ,07,58,07,15,15,  ,  ,  ,  ,  ,          ,          ,        ,               ,               
 1, 1,  ,0000000018,          ,07,58,07,15,15,  ,  ,  ,  ,  ,          ,          ,        ,               ,               
 1, 1,  ,0000000019,          ,08,16,07,15,15,  ,  ,  ,  ,  ,          ,          ,        ,               ,               
 1, 1,  ,0000000022,          ,08,17,07,15,15,  ,  ,  ,  ,  ,          ,          ,        ,               ,               
 1, 1,  ,0000000015,          ,08,18,07,15,15,  ,  ,  ,  ,  ,          ,          ,        ,               ,               
 1, 1,  ,0000000036,          ,08,34,07,15,15,  ,  ,  ,  ,  ,          ,          ,        ,               ,               
 1, 1,  ,0000000037,          ,16,56,07,15,15,  ,  ,  ,  ,  ,          ,          ,        ,               ,               
 1, 1,  ,0000000035,          ,16,58,07,15,15,  ,  ,  ,  ,  ,          ,          ,        ,               ,               
 1, 1,  ,0000000034,          ,16,58,07,15,15,  ,  ,  ,  ,  ,          ,          ,        ,               ,               
 1, 1,  ,0000000030,          ,16,59,07,15,15,  ,  ,  ,  ,  ,          ,          ,        ,               ,               
 1, 1,  ,0000000020,          ,16,59,07,15,15,  ,  ,  ,  ,  ,          ,          ,        ,               ,               
 1, 1,  ,0000000041,          ,17,00,07,15,15,  ,  ,  ,  ,  ,          ,          ,        ,               ,               
 1, 1,  ,0000000040,          ,17,00,07,15,15,  ,  ,  ,  ,  ,          ,          ,        ,               ,               
 1, 1,  ,0000000031,          ,17,00,07,15,15,  ,  ,  ,  ,  ,          ,          ,        ,               ,               
 1, 1,  ,0000000032,          ,17,02,07,15,15,  ,  ,  ,  ,  ,          ,          ,        ,               ,               
 1, 1,  ,0000000033,          ,17,03,07,15,15,  ,  ,  ,  ,  ,          ,          ,        ,               ,               
 1, 1,  ,0000000036,          ,17,12,07,15,15,  ,  ,  ,  ,  ,          ,          ,        ,               ,               
 1, 1,  ,0000000019,          ,17,12,07,15,15,  ,  ,  ,  ,  ,          ,          ,        ,               ,               
 1, 1,  ,0000000022,          ,17,44,07,15,15,  ,  ,  ,  ,  ,          ,          ,        ,               ,               
 1, 1,  ,0000000018,          ,19,04,07,15,15,  ,  ,  ,  ,  ,          ,          ,        ,               ,               
 1, 1,  ,0000000041,          ,07,54,07,16,15,  ,  ,  ,  ,  ,          ,          ,        ,               ,               
 1, 1,  ,0000000036,          ,07,55,07,16,15,  ,  ,  ,  ,  ,          ,          ,        ,               ,               
 1, 1,  ,0000000020,          ,07,55,07,16,15,  ,  ,  ,  ,  ,          ,          ,        ,               ,               
 1, 1,  ,0000000031,          ,07,55,07,16,15,  ,  ,  ,  ,  ,          ,          ,        ,               ,               
 1, 1,  ,0000000040,          ,07,55,07,16,15,  ,  ,  ,  ,  ,          ,          ,        ,               ,               
 1, 1,  ,0000000022,          ,07,58,07,16,15,  ,  ,  ,  ,  ,          ,          ,        ,               ,               
 1, 1,  ,0000000037,          ,07,58,07,16,15,  ,  ,  ,  ,  ,          ,          ,        ,               ,               
 1, 1,  ,0000000035,          ,07,59,07,16,15,  ,  ,  ,  ,  ,          ,          ,        ,               ,               
 1, 1,  ,0000000034,          ,07,59,07,16,15,  ,  ,  ,  ,  ,          ,          ,        ,               ,               
 1, 1,  ,0000000018,          ,08,01,07,16,15,  ,  ,  ,  ,  ,          ,          ,        ,               ,               
 1, 1,  ,0000000032,          ,08,23,07,16,15,  ,  ,  ,  ,  ,          ,          ,        ,               ,               
 1, 1,  ,0000000030,          ,08,41,07,16,15,  ,  ,  ,  ,  ,          ,          ,        ,               ,               
 1, 1,  ,0000000019,          ,12,07,07,16,15,  ,  ,  ,  ,  ,          ,          ,        ,               ,               
 1, 1,  ,0000000032,          ,12,27,07,16,15,  ,  ,  ,  ,  ,          ,          ,        ,               ,               
 1, 1,  ,0000000032,          ,13,06,07,16,15,  ,  ,  ,  ,  ,          ,          ,        ,               ,               
 1, 1,  ,0000000041,          ,17,00,07,16,15,  ,  ,  ,  ,  ,          ,          ,        ,               ,               
 1, 1,  ,0000000040,          ,17,01,07,16,15,  ,  ,  ,  ,  ,          ,          ,        ,               ,               
 1, 1,  ,0000000037,          ,17,01,07,16,15,  ,  ,  ,  ,  ,          ,          ,        ,               ,               
 1, 1,  ,0000000031,          ,17,02,07,16,15,  ,  ,  ,  ,  ,          ,          ,        ,               ,               
 1, 1,  ,0000000035,          ,17,02,07,16,15,  ,  ,  ,  ,  ,          ,          ,        ,               ,               
 1, 1,  ,0000000034,          ,17,03,07,16,15,  ,  ,  ,  ,  ,          ,          ,        ,               ,               
 1, 1,  ,0000000030,          ,17,05,07,16,15,  ,  ,  ,  ,  ,          ,          ,        ,               ,               
 1, 1,  ,0000000017,          ,17,06,07,16,15,  ,  ,  ,  ,  ,          ,          ,        ,               ,               
 1, 1,  ,0000000036,          ,17,06,07,16,15,  ,  ,  ,  ,  ,          ,          ,        ,               ,               
 1, 1,  ,0000000020,          ,17,07,07,16,15,  ,  ,  ,  ,  ,          ,          ,        ,               ,               
 1, 1,  ,0000000024,          ,17,22,07,16,15,  ,  ,  ,  ,  ,          ,          ,        ,               ,               
 1, 1,  ,0000000019,          ,17,23,07,16,15,  ,  ,  ,  ,  ,          ,          ,        ,               ,               
 1, 1,  ,0000000018,          ,18,21,07,16,15,  ,  ,  ,  ,  ,          ,          ,        ,               ,               
 1, 1,  ,0000000020,          ,07,54,07,17,15,  ,  ,  ,  ,  ,          ,          ,        ,               ,               
 1, 1,  ,0000000031,          ,07,54,07,17,15,  ,  ,  ,  ,  ,          ,          ,        ,               ,               
 1, 1,  ,0000000030,          ,07,54,07,17,15,  ,  ,  ,  ,  ,          ,          ,        ,               ,               
 1, 1,  ,0000000036,          ,07,54,07,17,15,  ,  ,  ,  ,  ,          ,          ,        ,               ,               
 1, 1,  ,0000000024,          ,07,54,07,17,15,  ,  ,  ,  ,  ,          ,          ,        ,               ,               
 1, 1,  ,0000000040,          ,07,54,07,17,15,  ,  ,  ,  ,  ,          ,          ,        ,               ,               
 1, 1,  ,0000000035,          ,07,54,07,17,15,  ,  ,  ,  ,  ,          ,          ,        ,               ,               
 1, 1,  ,0000000034,          ,07,55,07,17,15,  ,  ,  ,  ,  ,          ,          ,        ,               ,               
 1, 1,  ,0000000037,          ,07,55,07,17,15,  ,  ,  ,  ,  ,          ,          ,        ,               ,               
 1, 1,  ,0000000019,          ,07,55,07,17,15,  ,  ,  ,  ,  ,          ,          ,        ,               ,               
 1, 1,  ,0000000041,          ,07,55,07,17,15,  ,  ,  ,  ,  ,          ,          ,        ,               ,               
 1, 1,  ,0000000017,          ,07,55,07,17,15,  ,  ,  ,  ,  ,          ,          ,        ,               ,               
 1, 1,  ,0000000032,          ,08,13,07,17,15,  ,  ,  ,  ,  ,          ,          ,        ,               ,               
 1, 1,  ,0000000022,          ,08,28,07,17,15,  ,  ,  ,  ,  ,          ,          ,        ,               ,               
 1, 1,  ,0000000032,          ,12,18,07,17,15,  ,  ,  ,  ,  ,          ,          ,        ,               ,               
 1, 1,  ,0000000032,          ,13,16,07,17,15,  ,  ,  ,  ,  ,          ,          ,        ,               ,               
 1, 1,  ,0000000031,          ,16,39,07,17,15,  ,  ,  ,  ,  ,          ,          ,        ,               ,               
 1, 1,  ,0000000020,          ,16,55,07,17,15,  ,  ,  ,  ,  ,          ,          ,        ,               ,               
 1, 1,  ,0000000030,          ,16,55,07,17,15,  ,  ,  ,  ,  ,          ,          ,        ,               ,               
 1, 1,  ,0000000040,          ,16,55,07,17,15,  ,  ,  ,  ,  ,          ,          ,        ,               ,               
 1, 1,  ,0000000032,          ,16,58,07,17,15,  ,  ,  ,  ,  ,          ,          ,        ,               ,               
 1, 1,  ,0000000037,          ,17,01,07,17,15,  ,  ,  ,  ,  ,          ,          ,        ,               ,               
 1, 1,  ,0000000041,          ,17,01,07,17,15,  ,  ,  ,  ,  ,          ,          ,        ,               ,               
 1, 1,  ,0000000035,          ,17,01,07,17,15,  ,  ,  ,  ,  ,          ,          ,        ,               ,               
 1, 1,  ,0000000034,          ,17,02,07,17,15,  ,  ,  ,  ,  ,          ,          ,        ,               ,               
 1, 1,  ,0000000017,          ,17,02,07,17,15,  ,  ,  ,  ,  ,          ,          ,        ,               ,               
 1, 1,  ,0000000019,          ,17,07,07,17,15,  ,  ,  ,  ,  ,          ,          ,        ,               ,               
 1, 1,  ,0000000019,          ,17,08,07,17,15,  ,  ,  ,  ,  ,          ,          ,        ,               ,               
 1, 1,  ,0000000022,          ,17,09,07,17,15,  ,  ,  ,  ,  ,          ,          ,        ,               ,               
 1, 1,  ,0000000024,          ,17,09,07,17,15,  ,  ,  ,  ,  ,          ,          ,        ,               ,               
 1, 1,  ,0000000018,          ,11,00,07,18,15,  ,  ,  ,  ,  ,          ,          ,        ,               ,               
 1, 1,  ,0000000024,          ,16,16,07,19,15,  ,  ,  ,  ,  ,          ,          ,        ,               ,               
 1, 1,  ,0000000018,          ,08,08,07,20,15,  ,  ,  ,  ,  ,          ,          ,        ,               ,               
 1, 1,  ,0000000041,          ,08,09,07,20,15,  ,  ,  ,  ,  ,          ,          ,        ,               ,               
 1, 1,  ,0000000024,          ,08,09,07,20,15,  ,  ,  ,  ,  ,          ,          ,        ,               ,               
 1, 1,  ,0000000022,          ,08,09,07,20,15,  ,  ,  ,  ,  ,          ,          ,        ,               ,               
 1, 1,  ,0000000037,          ,08,09,07,20,15,  ,  ,  ,  ,  ,          ,          ,        ,               ,               
 1, 1,  ,0000000035,          ,08,09,07,20,15,  ,  ,  ,  ,  ,          ,          ,        ,               ,               
 1, 1,  ,0000000030,          ,08,09,07,20,15,  ,  ,  ,  ,  ,          ,          ,        ,               ,               
 1, 1,  ,0000000034,          ,08,12,07,20,15,  ,  ,  ,  ,  ,          ,          ,        ,               ,               
 1, 1,  ,0000000019,          ,08,38,07,20,15,  ,  ,  ,  ,  ,          ,          ,        ,               ,               
 1, 1,  ,0000000031,          ,08,41,07,20,15,  ,  ,  ,  ,  ,          ,          ,        ,               ,               
 1, 1,  ,0000000040,          ,08,50,07,20,15,  ,  ,  ,  ,  ,          ,          ,        ,               ,               
 1, 1,  ,0000000040,          ,17,00,07,20,15,  ,  ,  ,  ,  ,          ,          ,        ,               ,               
 1, 1,  ,0000000041,          ,17,02,07,20,15,  ,  ,  ,  ,  ,          ,          ,        ,               ,               
 1, 1,  ,0000000030,          ,17,03,07,20,15,  ,  ,  ,  ,  ,          ,          ,        ,               ,               
 1, 1,  ,0000000024,          ,17,04,07,20,15,  ,  ,  ,  ,  ,          ,          ,        ,               ,               
 1, 1,  ,0000000031,          ,17,04,07,20,15,  ,  ,  ,  ,  ,          ,          ,        ,               ,               
 1, 1,  ,0000000032,          ,17,04,07,20,15,  ,  ,  ,  ,  ,          ,          ,        ,               ,               
 1, 1,  ,0000000019,          ,17,04,07,20,15,  ,  ,  ,  ,  ,          ,          ,        ,               ,               
 1, 1,  ,0000000034,          ,17,08,07,20,15,  ,  ,  ,  ,  ,          ,          ,        ,               ,               
 1, 1,  ,0000000035,          ,17,08,07,20,15,  ,  ,  ,  ,  ,          ,          ,        ,               ,               
 1, 1,  ,0000000037,          ,17,16,07,20,15,  ,  ,  ,  ,  ,          ,          ,        ,               ,               
 1, 1,  ,0000000018,          ,19,31,07,20,15,  ,  ,  ,  ,  ,          ,          ,        ,               ,               
 1, 1,  ,0000000028,          ,08,00,07,21,15,  ,  ,  ,  ,  ,          ,          ,        ,               ,               
 1, 1,  ,0000000041,          ,08,00,07,21,15,  ,  ,  ,  ,  ,          ,          ,        ,               ,               
 1, 1,  ,0000000036,          ,08,00,07,21,15,  ,  ,  ,  ,  ,          ,          ,        ,               ,               
 1, 1,  ,0000000019,          ,08,01,07,21,15,  ,  ,  ,  ,  ,          ,          ,        ,               ,               
 1, 1,  ,0000000034,          ,08,01,07,21,15,  ,  ,  ,  ,  ,          ,          ,        ,               ,               
 1, 1,  ,0000000037,          ,08,01,07,21,15,  ,  ,  ,  ,  ,          ,          ,        ,               ,               
 1, 1,  ,0000000020,          ,08,02,07,21,15,  ,  ,  ,  ,  ,          ,          ,        ,               ,               
 1, 1,  ,0000000040,          ,08,04,07,21,15,  ,  ,  ,  ,  ,          ,          ,        ,               ,               
 1, 1,  ,0000000031,          ,08,04,07,21,15,  ,  ,  ,  ,  ,          ,          ,        ,               ,               
 1, 1,  ,0000000030,          ,08,06,07,21,15,  ,  ,  ,  ,  ,          ,          ,        ,               ,               
 1, 1,  ,0000000035,          ,08,10,07,21,15,  ,  ,  ,  ,  ,          ,          ,        ,               ,               
 1, 1,  ,0000000022,          ,08,15,07,21,15,  ,  ,  ,  ,  ,          ,          ,        ,               ,               
 1, 1,  ,0000000032,          ,08,20,07,21,15,  ,  ,  ,  ,  ,          ,          ,        ,               ,               
 1, 1,  ,0000000032,          ,12,05,07,21,15,  ,  ,  ,  ,  ,          ,          ,        ,               ,               
 1, 1,  ,0000000032,          ,13,00,07,21,15,  ,  ,  ,  ,  ,          ,          ,        ,               ,               
 1, 1,  ,0000000019,          ,16,56,07,21,15,  ,  ,  ,  ,  ,          ,          ,        ,               ,               
 1, 1,  ,0000000031,          ,16,56,07,21,15,  ,  ,  ,  ,  ,          ,          ,        ,               ,               
 1, 1,  ,0000000037,          ,16,58,07,21,15,  ,  ,  ,  ,  ,          ,          ,        ,               ,               
 1, 1,  ,0000000032,          ,16,58,07,21,15,  ,  ,  ,  ,  ,          ,          ,        ,               ,               
 1, 1,  ,0000000020,          ,16,59,07,21,15,  ,  ,  ,  ,  ,          ,          ,        ,               ,               
 1, 1,  ,0000000040,          ,16,59,07,21,15,  ,  ,  ,  ,  ,          ,          ,        ,               ,               
 1, 1,  ,0000000017,          ,16,59,07,21,15,  ,  ,  ,  ,  ,          ,          ,        ,               ,               
 1, 1,  ,0000000041,          ,16,59,07,21,15,  ,  ,  ,  ,  ,          ,          ,        ,               ,               
 1, 1,  ,0000000028,          ,17,00,07,21,15,  ,  ,  ,  ,  ,          ,          ,        ,               ,               
 1, 1,  ,0000000022,          ,17,00,07,21,15,  ,  ,  ,  ,  ,          ,          ,        ,               ,               
 1, 1,  ,0000000034,          ,17,00,07,21,15,  ,  ,  ,  ,  ,          ,          ,        ,               ,               
 1, 1,  ,0000000035,          ,17,00,07,21,15,  ,  ,  ,  ,  ,          ,          ,        ,               ,               
 1, 1,  ,0000000036,          ,17,00,07,21,15,  ,  ,  ,  ,  ,          ,          ,        ,               ,               
 1, 1,  ,0000000024,          ,07,52,07,22,15,  ,  ,  ,  ,  ,          ,          ,        ,               ,               
 1, 1,  ,0000000028,          ,07,53,07,22,15,  ,  ,  ,  ,  ,          ,          ,        ,               ,               
 1, 1,  ,0000000041,          ,07,54,07,22,15,  ,  ,  ,  ,  ,          ,          ,        ,               ,               
 1, 1,  ,0000000020,          ,07,54,07,22,15,  ,  ,  ,  ,  ,          ,          ,        ,               ,               
 1, 1,  ,0000000031,          ,07,54,07,22,15,  ,  ,  ,  ,  ,          ,          ,        ,               ,               
 1, 1,  ,0000000030,          ,07,54,07,22,15,  ,  ,  ,  ,  ,          ,          ,        ,               ,               
 1, 1,  ,0000000040,          ,07,54,07,22,15,  ,  ,  ,  ,  ,          ,          ,        ,               ,               
 1, 1,  ,0000000019,          ,07,54,07,22,15,  ,  ,  ,  ,  ,          ,          ,        ,               ,               
 1, 1,  ,0000000034,          ,07,59,07,22,15,  ,  ,  ,  ,  ,          ,          ,        ,               ,               
 1, 1,  ,0000000037,          ,07,59,07,22,15,  ,  ,  ,  ,  ,          ,          ,        ,               ,               
 1, 1,  ,0000000035,          ,07,59,07,22,15,  ,  ,  ,  ,  ,          ,          ,        ,               ,               
 1, 1,  ,0000000032,          ,08,07,07,22,15,  ,  ,  ,  ,  ,          ,          ,        ,               ,               
 1, 1,  ,0000000026,          ,08,07,07,22,15,  ,  ,  ,  ,  ,          ,          ,        ,               ,               
 1, 1,  ,0000000018,          ,08,14,07,22,15,  ,  ,  ,  ,  ,          ,          ,        ,               ,               
 1, 1,  ,0000000017,          ,08,14,07,22,15,  ,  ,  ,  ,  ,          ,          ,        ,               ,               
 1, 1,  ,0000000036,          ,08,30,07,22,15,  ,  ,  ,  ,  ,          ,          ,        ,               ,               
 1, 1,  ,0000000032,          ,12,06,07,22,15,  ,  ,  ,  ,  ,          ,          ,        ,               ,               
 1, 1,  ,0000000032,          ,13,01,07,22,15,  ,  ,  ,  ,  ,          ,          ,        ,               ,               
 2, 1,  ,0000000027,          ,16,45,07,22,15,  ,  ,  ,  ,  ,          ,          ,        ,               ,               
 2, 1,  ,0000000033,          ,16,45,07,22,15,  ,  ,  ,  ,  ,          ,          ,        ,               ,
 1, 1,  ,99999999,          ,12,59,12,31,99,  ,  ,  ,  ,  ,          ,          ,        ,               ,